<?xml version="1.0" encoding="UTF-8"?>
<!-- Generated by org.testng.reporters.JUnitXMLReporter -->
<testsuite ignored="0" hostname="victus" failures="0" tests="4" name="Surefire test" time="18.093" errors="0" timestamp="2024-05-04T16:25:14 IST">
  <testcase classname="ayroid.AuthenticationTest" name="loginSuccess" time="4.205"/>
  <testcase classname="ayroid.AuthenticationTest" name="loginSuccess" time="3.734"/>
  <testcase classname="ayroid.AuthenticationTest" name="loginSuccess" time="3.73"/>
  <testcase classname="ayroid.AuthenticationTest" name="loginSuccess" time="3.732"/>
</testsuite> <!-- Surefire test -->
