<?xml version="1.0" encoding="UTF-8"?>
<testng-results ignored="0" total="4" passed="4" failed="0" skipped="0">
  <reporter-output>
  </reporter-output>
  <suite started-at="2024-05-04T16:24:56 IST" name="Surefire suite" finished-at="2024-05-04T16:25:14 IST" duration-ms="18093">
    <groups>
    </groups>
    <test started-at="2024-05-04T16:24:56 IST" name="Surefire test" finished-at="2024-05-04T16:25:14 IST" duration-ms="18093">
      <class name="ayroid.AuthenticationTest">
        <test-method is-config="true" signature="setUp()[pri:0, instance:ayroid.AuthenticationTest@dd3b207]" started-at="2024-05-04T16:24:56 IST" name="setUp" finished-at="2024-05-04T16:24:58 IST" duration-ms="2090" status="PASS">
          <reporter-output>
          </reporter-output>
        </test-method> <!-- setUp -->
        <test-method signature="loginSuccess(java.lang.String,java.lang.String,java.lang.String)[pri:0, instance:ayroid.AuthenticationTest@dd3b207]" started-at="2024-05-04T16:24:58 IST" name="loginSuccess" data-provider="loginData" finished-at="2024-05-04T16:25:02 IST" duration-ms="4205" status="PASS">
          <params>
            <param index="0">
              <value>
                <![CDATA[Ayroidd]]>
              </value>
            </param>
            <param index="1">
              <value>
                <![CDATA[ayroid--]]>
              </value>
            </param>
            <param index="2">
              <value>
                <![CDATA[Account Does Not Exist]]>
              </value>
            </param>
          </params>
          <reporter-output>
          </reporter-output>
        </test-method> <!-- loginSuccess -->
        <test-method signature="loginSuccess(java.lang.String,java.lang.String,java.lang.String)[pri:0, instance:ayroid.AuthenticationTest@dd3b207]" started-at="2024-05-04T16:25:02 IST" name="loginSuccess" data-provider="loginData" finished-at="2024-05-04T16:25:06 IST" duration-ms="3734" status="PASS">
          <params>
            <param index="0">
              <value>
                <![CDATA[Ayroid]]>
              </value>
            </param>
            <param index="1">
              <value>
                <![CDATA[ayroid---]]>
              </value>
            </param>
            <param index="2">
              <value>
                <![CDATA[Invalid Password]]>
              </value>
            </param>
          </params>
          <reporter-output>
          </reporter-output>
        </test-method> <!-- loginSuccess -->
        <test-method signature="loginSuccess(java.lang.String,java.lang.String,java.lang.String)[pri:0, instance:ayroid.AuthenticationTest@dd3b207]" started-at="2024-05-04T16:25:06 IST" name="loginSuccess" data-provider="loginData" finished-at="2024-05-04T16:25:09 IST" duration-ms="3730" status="PASS">
          <params>
            <param index="0">
              <value>
                <![CDATA[Ayroidd]]>
              </value>
            </param>
            <param index="1">
              <value>
                <![CDATA[ayroid--]]>
              </value>
            </param>
            <param index="2">
              <value>
                <![CDATA[Account Does Not Exist]]>
              </value>
            </param>
          </params>
          <reporter-output>
          </reporter-output>
        </test-method> <!-- loginSuccess -->
        <test-method signature="loginSuccess(java.lang.String,java.lang.String,java.lang.String)[pri:0, instance:ayroid.AuthenticationTest@dd3b207]" started-at="2024-05-04T16:25:09 IST" name="loginSuccess" data-provider="loginData" finished-at="2024-05-04T16:25:13 IST" duration-ms="3732" status="PASS">
          <params>
            <param index="0">
              <value>
                <![CDATA[Ayroid]]>
              </value>
            </param>
            <param index="1">
              <value>
                <![CDATA[ayroid--]]>
              </value>
            </param>
            <param index="2">
              <value>
                <![CDATA[Login Successful]]>
              </value>
            </param>
          </params>
          <reporter-output>
          </reporter-output>
        </test-method> <!-- loginSuccess -->
        <test-method is-config="true" signature="tearDown()[pri:0, instance:ayroid.AuthenticationTest@dd3b207]" started-at="2024-05-04T16:25:13 IST" name="tearDown" finished-at="2024-05-04T16:25:14 IST" duration-ms="574" status="PASS">
          <reporter-output>
          </reporter-output>
        </test-method> <!-- tearDown -->
      </class> <!-- ayroid.AuthenticationTest -->
    </test> <!-- Surefire test -->
  </suite> <!-- Surefire suite -->
</testng-results>
